Using pre-set license
Built from '6000.0/release' branch; Version is '6000.0.44f1 (101c91f3a8fb) revision 1055889'; Using compiler version '193933523'; Build Type 'Release'
OS: 'Windows 11  (10.0.22631) 64bit Core' Language: 'es' Physical Memory: 16069 MB
BatchMode: 1, IsHumanControllingUs: 0, StartBugReporterOnCrash: 0, Is64bit: 1, IsPro: 1

COMMAND LINE ARGUMENTS:
C:\Program Files\Unity\Hub\Editor\6000.0.44f1\Editor\Unity.exe
-adb2
-batchMode
-noUpm
-name
AssetImportWorker0
-projectPath
C:/Users/USER/Desktop/Nueva carpeta/MyProyect
-logFile
Logs/AssetImportWorker0.log
-srvPort
54825
-job-worker-count
7
-background-job-worker-count
8
-gc-helper-count
1
Successfully changed project path to: C:/Users/USER/Desktop/Nueva carpeta/MyProyect
C:/Users/USER/Desktop/Nueva carpeta/MyProyect
[UnityMemory] Configuration Parameters - Can be set up in boot.config
    "memorysetup-bucket-allocator-granularity=16"
    "memorysetup-bucket-allocator-bucket-count=8"
    "memorysetup-bucket-allocator-block-size=33554432"
    "memorysetup-bucket-allocator-block-count=8"
    "memorysetup-main-allocator-block-size=16777216"
    "memorysetup-thread-allocator-block-size=16777216"
    "memorysetup-gfx-main-allocator-block-size=16777216"
    "memorysetup-gfx-thread-allocator-block-size=16777216"
    "memorysetup-cache-allocator-block-size=4194304"
    "memorysetup-typetree-allocator-block-size=2097152"
    "memorysetup-profiler-bucket-allocator-granularity=16"
    "memorysetup-profiler-bucket-allocator-bucket-count=8"
    "memorysetup-profiler-bucket-allocator-block-size=33554432"
    "memorysetup-profiler-bucket-allocator-block-count=8"
    "memorysetup-profiler-allocator-block-size=16777216"
    "memorysetup-profiler-editor-allocator-block-size=1048576"
    "memorysetup-temp-allocator-size-main=16777216"
    "memorysetup-job-temp-allocator-block-size=2097152"
    "memorysetup-job-temp-allocator-block-size-background=1048576"
    "memorysetup-job-temp-allocator-reduction-small-platforms=262144"
    "memorysetup-allocator-temp-initial-block-size-main=262144"
    "memorysetup-allocator-temp-initial-block-size-worker=262144"
    "memorysetup-temp-allocator-size-background-worker=32768"
    "memorysetup-temp-allocator-size-job-worker=262144"
    "memorysetup-temp-allocator-size-preload-manager=33554432"
    "memorysetup-temp-allocator-size-nav-mesh-worker=65536"
    "memorysetup-temp-allocator-size-audio-worker=65536"
    "memorysetup-temp-allocator-size-cloud-worker=32768"
    "memorysetup-temp-allocator-size-gi-baking-worker=262144"
    "memorysetup-temp-allocator-size-gi-baking-worker=262144"
    "memorysetup-temp-allocator-size-gi-baking-worker=262144"
    "memorysetup-temp-allocator-size-gi-baking-worker=262144"
    "memorysetup-temp-allocator-size-gi-baking-worker=262144"
    "memorysetup-temp-allocator-size-gfx=262144"
Player connection [22320]  Target information:

Player connection [22320]  * "[IP] 192.168.56.1 [Port] 0 [Flags] 2 [Guid] 2559129378 [EditorId] 2559129378 [Version] 1048832 [Id] WindowsEditor(7,AlexanderHerrera) [Debug] 1 [PackageName] WindowsEditor [ProjectName] Editor" 

Player connection [22320]  * "[IP] 192.168.203.128 [Port] 0 [Flags] 2 [Guid] 2559129378 [EditorId] 2559129378 [Version] 1048832 [Id] WindowsEditor(7,AlexanderHerrera) [Debug] 1 [PackageName] WindowsEditor [ProjectName] Editor" 

Player connection [22320] Host joined multi-casting on [225.0.0.222:54997]...
Player connection [22320] Host joined alternative multi-casting on [225.0.0.222:34997]...
JobSystem: Creating JobQueue using job-worker-count value 7
Input System module state changed to: Initialized.
[Physics::Module] Initialized fallback backend.
[Physics::Module] Id: 0xdecafbad
Library Redirect Path: Library/
[Physics::Module] Selected backend.
[Physics::Module] Name: PhysX
[Physics::Module] Id: 0xf2b8ea05
[Physics::Module] SDK Version: 4.1.2
[Physics::Module] Integration Version: 1.0.0
[Physics::Module] Threading Mode: Multi-Threaded
Refreshing native plugins compatible for Editor in 5.52 ms, found 4 plugins.
Preloading 0 native plugins for Editor in 0.00 ms.
Initialize engine version: 6000.0.44f1 (101c91f3a8fb)
[Subsystems] Discovering subsystems at path C:/Program Files/Unity/Hub/Editor/6000.0.44f1/Editor/Data/Resources/UnitySubsystems
[Subsystems] Discovering subsystems at path C:/Users/USER/Desktop/Nueva carpeta/MyProyect/Assets
GfxDevice: creating device client; kGfxThreadingModeNonThreaded
Direct3D:
    Version:  Direct3D 11.0 [level 11.1]
    Renderer: Intel(R) Iris(R) Xe Graphics (ID=0x46a6)
    Vendor:   Intel
    VRAM:     8034 MB
    Driver:   31.0.101.4255
Initialize mono
Mono path[0] = 'C:/Program Files/Unity/Hub/Editor/6000.0.44f1/Editor/Data/Managed'
Mono path[1] = 'C:/Program Files/Unity/Hub/Editor/6000.0.44f1/Editor/Data/MonoBleedingEdge/lib/mono/unityjit-win32'
Mono config path = 'C:/Program Files/Unity/Hub/Editor/6000.0.44f1/Editor/Data/MonoBleedingEdge/etc'
Using monoOptions --debugger-agent=transport=dt_socket,embedding=1,server=y,suspend=n,address=127.0.0.1:56212
Begin MonoManager ReloadAssembly
Registering precompiled unity dll's ...
Register platform support module: C:/Program Files/Unity/Hub/Editor/6000.0.44f1/Editor/Data/PlaybackEngines/WindowsStandaloneSupport/UnityEditor.WindowsStandalone.Extensions.dll
Registered in 0.005773 seconds.
- Loaded All Assemblies, in  1.199 seconds
Native extension for WindowsStandalone target not found
Mono: successfully reloaded assembly
- Finished resetting the current domain, in  0.622 seconds
Domain Reload Profiling: 1814ms
	BeginReloadAssembly (430ms)
		ExecutionOrderSort (0ms)
		DisableScriptedObjects (0ms)
		BackupInstance (0ms)
		ReleaseScriptingObjects (0ms)
		CreateAndSetChildDomain (2ms)
	RebuildCommonClasses (98ms)
	RebuildNativeTypeToScriptingClass (19ms)
	initialDomainReloadingComplete (139ms)
	LoadAllAssembliesAndSetupDomain (507ms)
		LoadAssemblies (424ms)
		RebuildTransferFunctionScriptingTraits (0ms)
		AnalyzeDomain (496ms)
			TypeCache.Refresh (488ms)
				TypeCache.ScanAssembly (432ms)
			BuildScriptInfoCaches (1ms)
			ResolveRequiredComponents (1ms)
	FinalizeReload (622ms)
		ReleaseScriptCaches (0ms)
		RebuildScriptCaches (0ms)
		SetupLoadedEditorAssemblies (536ms)
			LogAssemblyErrors (0ms)
			InitializePlatformSupportModulesInManaged (88ms)
			SetLoadedEditorAssemblies (16ms)
			BeforeProcessingInitializeOnLoad (166ms)
			ProcessInitializeOnLoadAttributes (204ms)
			ProcessInitializeOnLoadMethodAttributes (61ms)
			AfterProcessingInitializeOnLoad (0ms)
			EditorAssembliesLoaded (0ms)
		ExecutionOrderSort2 (0ms)
		AwakeInstancesAfterBackupRestoration (0ms)
========================================================================
Worker process is ready to serve import requests
Import Worker Mode flag is 0x00
Begin MonoManager ReloadAssembly
- Loaded All Assemblies, in  0.928 seconds
Refreshing native plugins compatible for Editor in 2.37 ms, found 4 plugins.
Native extension for WindowsStandalone target not found
Mono: successfully reloaded assembly
- Finished resetting the current domain, in  1.622 seconds
Domain Reload Profiling: 2546ms
	BeginReloadAssembly (195ms)
		ExecutionOrderSort (0ms)
		DisableScriptedObjects (7ms)
		BackupInstance (0ms)
		ReleaseScriptingObjects (0ms)
		CreateAndSetChildDomain (38ms)
	RebuildCommonClasses (40ms)
	RebuildNativeTypeToScriptingClass (13ms)
	initialDomainReloadingComplete (44ms)
	LoadAllAssembliesAndSetupDomain (632ms)
		LoadAssemblies (404ms)
		RebuildTransferFunctionScriptingTraits (0ms)
		AnalyzeDomain (333ms)
			TypeCache.Refresh (247ms)
				TypeCache.ScanAssembly (222ms)
			BuildScriptInfoCaches (69ms)
			ResolveRequiredComponents (12ms)
	FinalizeReload (1623ms)
		ReleaseScriptCaches (0ms)
		RebuildScriptCaches (0ms)
		SetupLoadedEditorAssemblies (1428ms)
			LogAssemblyErrors (0ms)
			InitializePlatformSupportModulesInManaged (2ms)
			SetLoadedEditorAssemblies (7ms)
			BeforeProcessingInitializeOnLoad (133ms)
			ProcessInitializeOnLoadAttributes (857ms)
			ProcessInitializeOnLoadMethodAttributes (418ms)
			AfterProcessingInitializeOnLoad (9ms)
			EditorAssembliesLoaded (1ms)
		ExecutionOrderSort2 (0ms)
		AwakeInstancesAfterBackupRestoration (17ms)
Launched and connected shader compiler UnityShaderCompiler.exe after 0.01 seconds
Refreshing native plugins compatible for Editor in 1.48 ms, found 4 plugins.
Preloading 0 native plugins for Editor in 0.00 ms.
Unloading 206 Unused Serialized files (Serialized files now loaded: 0)
Unloading 6575 unused Assets / (6.6 MB). Loaded Objects now: 7219.
Memory consumption went from 170.5 MB to 163.9 MB.
Total: 13.085700 ms (FindLiveObjects: 1.235200 ms CreateObjectMapping: 0.858800 ms MarkObjects: 5.845800 ms  DeleteObjects: 5.143900 ms)

========================================================================
Received Import Request.
  Time since last request: 603610.647849 seconds.
  path: Assets/Personajes/Ninja/Animations/Run.anim
  artifactKey: Guid(53f6aec613c466344848738d875a2d26) Importer(815301076,1909f56bfc062723c751e8b465ee728b)
Start importing Assets/Personajes/Ninja/Animations/Run.anim using Guid(53f6aec613c466344848738d875a2d26) Importer(815301076,1909f56bfc062723c751e8b465ee728b) (PreviewImporter) -> (artifact id: 'fc07bac81e9507a1f089e908bc7d3ba5') in 0.0263208 seconds
Number of updated asset objects reloaded before import = 0Number of asset objects unloaded after import = 1

========================================================================
Received Import Request.
  Time since last request: 6.119097 seconds.
  path: Assets/Settings
  artifactKey: Guid(0220aab0833d04faeb927d84ca6cc40c) Importer(815301076,1909f56bfc062723c751e8b465ee728b)
Start importing Assets/Settings using Guid(0220aab0833d04faeb927d84ca6cc40c) Importer(815301076,1909f56bfc062723c751e8b465ee728b) (PreviewImporter) -> (artifact id: '5a3b12d2a447acdb23dff58ad167bcd1') in 0.0006489 seconds
Number of updated asset objects reloaded before import = 0Number of asset objects unloaded after import = 0

========================================================================
Received Import Request.
  Time since last request: 0.023537 seconds.
  path: Assets/Settings/Lit2DSceneTemplate.scenetemplate
  artifactKey: Guid(d03ed43fc9d8a4f2e9fa70c1c7916eb9) Importer(815301076,1909f56bfc062723c751e8b465ee728b)
Start importing Assets/Settings/Lit2DSceneTemplate.scenetemplate using Guid(d03ed43fc9d8a4f2e9fa70c1c7916eb9) Importer(815301076,1909f56bfc062723c751e8b465ee728b) (PreviewImporter) -> (artifact id: 'b7bacce6d95dd9e373afbb7039feef38') in 0.1154904 seconds
Number of updated asset objects reloaded before import = 0Number of asset objects unloaded after import = 5

========================================================================
Received Import Request.
  Time since last request: 1.666414 seconds.
  path: Assets/Settings/Scenes
  artifactKey: Guid(d574b2fb4661c408f80aa76c0182931f) Importer(815301076,1909f56bfc062723c751e8b465ee728b)
Start importing Assets/Settings/Scenes using Guid(d574b2fb4661c408f80aa76c0182931f) Importer(815301076,1909f56bfc062723c751e8b465ee728b) (PreviewImporter) -> (artifact id: '9a1588281a99679db76b00bcf11ba23a') in 0.0009359 seconds
Number of updated asset objects reloaded before import = 0Number of asset objects unloaded after import = 0

========================================================================
Received Import Request.
  Time since last request: 0.705847 seconds.
  path: Assets/Settings/Scenes/URP2DSceneTemplate.unity
  artifactKey: Guid(2cda990e2423bbf4892e6590ba056729) Importer(815301076,1909f56bfc062723c751e8b465ee728b)
Start importing Assets/Settings/Scenes/URP2DSceneTemplate.unity using Guid(2cda990e2423bbf4892e6590ba056729) Importer(815301076,1909f56bfc062723c751e8b465ee728b) (PreviewImporter) -> (artifact id: '3b949230e50253904985eb3577043316') in 0.0008638 seconds
Number of updated asset objects reloaded before import = 0Number of asset objects unloaded after import = 0

========================================================================
Received Import Request.
  Time since last request: 40.719287 seconds.
  path: Assets/Personajes/Ninja
  artifactKey: Guid(93f358df3df3b9242a332d45469e5729) Importer(815301076,1909f56bfc062723c751e8b465ee728b)
Start importing Assets/Personajes/Ninja using Guid(93f358df3df3b9242a332d45469e5729) Importer(815301076,1909f56bfc062723c751e8b465ee728b) (PreviewImporter) -> (artifact id: '52a454930349df5260c473ca2ed8a5d9') in 0.0007304 seconds
Number of updated asset objects reloaded before import = 0Number of asset objects unloaded after import = 0

========================================================================
Received Import Request.
  Time since last request: 2.971766 seconds.
  path: Assets/Personajes/Ninja/Sprites
  artifactKey: Guid(1386002d5c435904aa4f82700dd52fb0) Importer(815301076,1909f56bfc062723c751e8b465ee728b)
Start importing Assets/Personajes/Ninja/Sprites using Guid(1386002d5c435904aa4f82700dd52fb0) Importer(815301076,1909f56bfc062723c751e8b465ee728b) (PreviewImporter) -> (artifact id: '431ae905597b1fff7864ec9e76099c1f') in 0.0009217 seconds
Number of updated asset objects reloaded before import = 0Number of asset objects unloaded after import = 0

========================================================================
Received Import Request.
  Time since last request: 0.967003 seconds.
  path: Assets/Personajes/Ninja/Sprites/Jump_Throw__006.png
  artifactKey: Guid(fd5033a6da650b645b6c371d34a5033e) Importer(815301076,1909f56bfc062723c751e8b465ee728b)
Start importing Assets/Personajes/Ninja/Sprites/Jump_Throw__006.png using Guid(fd5033a6da650b645b6c371d34a5033e) Importer(815301076,1909f56bfc062723c751e8b465ee728b) (PreviewImporter) -> (artifact id: '708d9a776b5e7ad91b769ced7292d632') in 0.0779563 seconds
Number of updated asset objects reloaded before import = 0Number of asset objects unloaded after import = 3

========================================================================
Received Import Request.
  Time since last request: 0.000030 seconds.
  path: Assets/Personajes/Ninja/Sprites/Slide__005.png
  artifactKey: Guid(78d6b79ccdbda914aaeafbf7a4383b7a) Importer(815301076,1909f56bfc062723c751e8b465ee728b)
Start importing Assets/Personajes/Ninja/Sprites/Slide__005.png using Guid(78d6b79ccdbda914aaeafbf7a4383b7a) Importer(815301076,1909f56bfc062723c751e8b465ee728b) (PreviewImporter) -> (artifact id: 'e110b1b41b54c6ef43a2bb937a45519d') in 0.0551146 seconds
Number of updated asset objects reloaded before import = 0Number of asset objects unloaded after import = 3

========================================================================
Received Import Request.
  Time since last request: 0.000023 seconds.
  path: Assets/Personajes/Ninja/Sprites/Run__006.png
  artifactKey: Guid(3e2fdef2620f93441bece06db7647cfc) Importer(815301076,1909f56bfc062723c751e8b465ee728b)
Start importing Assets/Personajes/Ninja/Sprites/Run__006.png using Guid(3e2fdef2620f93441bece06db7647cfc) Importer(815301076,1909f56bfc062723c751e8b465ee728b) (PreviewImporter) -> (artifact id: '9ae11d8c42e6b7c7c3661672473a26ca') in 0.0294919 seconds
Number of updated asset objects reloaded before import = 0Number of asset objects unloaded after import = 3

========================================================================
Received Import Request.
  Time since last request: 0.000035 seconds.
  path: Assets/Personajes/Ninja/Sprites/Jump_Throw__009.png
  artifactKey: Guid(4be9e182bc602bf4fa3d93b46b7d9ee1) Importer(815301076,1909f56bfc062723c751e8b465ee728b)
Start importing Assets/Personajes/Ninja/Sprites/Jump_Throw__009.png using Guid(4be9e182bc602bf4fa3d93b46b7d9ee1) Importer(815301076,1909f56bfc062723c751e8b465ee728b) (PreviewImporter) -> (artifact id: '6d60aead348bef395fde50bb466a0920') in 0.0265457 seconds
Number of updated asset objects reloaded before import = 0Number of asset objects unloaded after import = 3

========================================================================
Received Import Request.
  Time since last request: 0.000019 seconds.
  path: Assets/Personajes/Ninja/Sprites/Slide__002.png
  artifactKey: Guid(edb5a49f9112abd41a377262dbdb4231) Importer(815301076,1909f56bfc062723c751e8b465ee728b)
Start importing Assets/Personajes/Ninja/Sprites/Slide__002.png using Guid(edb5a49f9112abd41a377262dbdb4231) Importer(815301076,1909f56bfc062723c751e8b465ee728b) (PreviewImporter) -> (artifact id: '2d812e2eb89331028755ca105f19a001') in 0.0503027 seconds
Number of updated asset objects reloaded before import = 0Number of asset objects unloaded after import = 3

========================================================================
Received Import Request.
  Time since last request: 0.000034 seconds.
  path: Assets/Personajes/Ninja/Sprites/Throw__001.png
  artifactKey: Guid(9f7627ed08d41184b911b8ce18d76861) Importer(815301076,1909f56bfc062723c751e8b465ee728b)
Start importing Assets/Personajes/Ninja/Sprites/Throw__001.png using Guid(9f7627ed08d41184b911b8ce18d76861) Importer(815301076,1909f56bfc062723c751e8b465ee728b) (PreviewImporter) -> (artifact id: 'f976dfe19bdf4bacd8dfe8eedf52913d') in 0.0320307 seconds
Number of updated asset objects reloaded before import = 0Number of asset objects unloaded after import = 3

========================================================================
Received Import Request.
  Time since last request: 0.000034 seconds.
  path: Assets/Personajes/Ninja/Sprites/Throw__009.png
  artifactKey: Guid(979e14a1edb958a468df4425d06c3c35) Importer(815301076,1909f56bfc062723c751e8b465ee728b)
Start importing Assets/Personajes/Ninja/Sprites/Throw__009.png using Guid(979e14a1edb958a468df4425d06c3c35) Importer(815301076,1909f56bfc062723c751e8b465ee728b) (PreviewImporter) -> (artifact id: 'c789f381da0af8de55c1c7e26da3cf3c') in 0.0295608 seconds
Number of updated asset objects reloaded before import = 0Number of asset objects unloaded after import = 3

========================================================================
Received Import Request.
  Time since last request: 0.000035 seconds.
  path: Assets/Personajes/Ninja/Sprites/Run__000.png
  artifactKey: Guid(1384790daf6def84a9f7361d72415755) Importer(815301076,1909f56bfc062723c751e8b465ee728b)
Start importing Assets/Personajes/Ninja/Sprites/Run__000.png using Guid(1384790daf6def84a9f7361d72415755) Importer(815301076,1909f56bfc062723c751e8b465ee728b) (PreviewImporter) -> (artifact id: 'bf912b437b49768fda51f45ac7286d41') in 0.0538051 seconds
Number of updated asset objects reloaded before import = 0Number of asset objects unloaded after import = 3

========================================================================
Received Import Request.
  Time since last request: 0.346638 seconds.
  path: Assets/Personajes/Ninja/Sprites/Throw__002.png
  artifactKey: Guid(3fde363bf16ea114295ee6d8d0f74441) Importer(815301076,1909f56bfc062723c751e8b465ee728b)
Start importing Assets/Personajes/Ninja/Sprites/Throw__002.png using Guid(3fde363bf16ea114295ee6d8d0f74441) Importer(815301076,1909f56bfc062723c751e8b465ee728b) (PreviewImporter) -> (artifact id: 'a692fbf03fd20a2a24e0107754b390fd') in 0.0306153 seconds
Number of updated asset objects reloaded before import = 0Number of asset objects unloaded after import = 3

========================================================================
Received Import Request.
  Time since last request: 0.000026 seconds.
  path: Assets/Personajes/Ninja/Sprites/Throw__005.png
  artifactKey: Guid(a84d5857c9f28854e8b135cfba5850d1) Importer(815301076,1909f56bfc062723c751e8b465ee728b)
Start importing Assets/Personajes/Ninja/Sprites/Throw__005.png using Guid(a84d5857c9f28854e8b135cfba5850d1) Importer(815301076,1909f56bfc062723c751e8b465ee728b) (PreviewImporter) -> (artifact id: '4d30f592d4737154745038e3baf043bb') in 0.1104126 seconds
Number of updated asset objects reloaded before import = 0Number of asset objects unloaded after import = 3

========================================================================
Received Import Request.
  Time since last request: 0.000027 seconds.
  path: Assets/Personajes/Ninja/Sprites/Slide__000.png
  artifactKey: Guid(a6d5878af1f4b2d45b0ae8ad43371550) Importer(815301076,1909f56bfc062723c751e8b465ee728b)
Start importing Assets/Personajes/Ninja/Sprites/Slide__000.png using Guid(a6d5878af1f4b2d45b0ae8ad43371550) Importer(815301076,1909f56bfc062723c751e8b465ee728b) (PreviewImporter) -> (artifact id: 'e6b076e827f9b89f6ea0f70e85769b2c') in 0.0979752 seconds
Number of updated asset objects reloaded before import = 0Number of asset objects unloaded after import = 3

========================================================================
Received Import Request.
  Time since last request: 0.000047 seconds.
  path: Assets/Personajes/Ninja/Sprites/Kunai.png
  artifactKey: Guid(d9cb259a3776bd34abc4ffb8f3323cb1) Importer(815301076,1909f56bfc062723c751e8b465ee728b)
Start importing Assets/Personajes/Ninja/Sprites/Kunai.png using Guid(d9cb259a3776bd34abc4ffb8f3323cb1) Importer(815301076,1909f56bfc062723c751e8b465ee728b) (PreviewImporter) -> (artifact id: '78c3eb8e8b08b5169c1f87277600b64f') in 0.1078161 seconds
Number of updated asset objects reloaded before import = 0Number of asset objects unloaded after import = 3

========================================================================
Received Import Request.
  Time since last request: 0.000026 seconds.
  path: Assets/Personajes/Ninja/Sprites/Run__008.png
  artifactKey: Guid(9e76de295e41e764e87f4818aab53942) Importer(815301076,1909f56bfc062723c751e8b465ee728b)
Start importing Assets/Personajes/Ninja/Sprites/Run__008.png using Guid(9e76de295e41e764e87f4818aab53942) Importer(815301076,1909f56bfc062723c751e8b465ee728b) (PreviewImporter) -> (artifact id: 'e4a0d0a1cdf97243b04d59e679f55d18') in 0.0639196 seconds
Number of updated asset objects reloaded before import = 0Number of asset objects unloaded after import = 3

========================================================================
Received Import Request.
  Time since last request: 0.000023 seconds.
  path: Assets/Personajes/Ninja/Sprites/Run__002.png
  artifactKey: Guid(54247287eb3c0b8429744228c87df462) Importer(815301076,1909f56bfc062723c751e8b465ee728b)
Start importing Assets/Personajes/Ninja/Sprites/Run__002.png using Guid(54247287eb3c0b8429744228c87df462) Importer(815301076,1909f56bfc062723c751e8b465ee728b) (PreviewImporter) -> (artifact id: '79a26c61cea0b895079a315ef650baf3') in 0.0792172 seconds
Number of updated asset objects reloaded before import = 0Number of asset objects unloaded after import = 3

========================================================================
Received Import Request.
  Time since last request: 0.000030 seconds.
  path: Assets/Personajes/Ninja/Sprites/Slide__007.png
  artifactKey: Guid(c054bc8572038774083d6a4e5ca77e45) Importer(815301076,1909f56bfc062723c751e8b465ee728b)
Start importing Assets/Personajes/Ninja/Sprites/Slide__007.png using Guid(c054bc8572038774083d6a4e5ca77e45) Importer(815301076,1909f56bfc062723c751e8b465ee728b) (PreviewImporter) -> (artifact id: '452b60a19cd439dbe0f16ed03c3d2d48') in 0.106619 seconds
Number of updated asset objects reloaded before import = 0Number of asset objects unloaded after import = 3

========================================================================
Received Import Request.
  Time since last request: 0.000039 seconds.
  path: Assets/Personajes/Ninja/Sprites/Slide__003.png
  artifactKey: Guid(f40b4452aab8cc44b8d224360d88d511) Importer(815301076,1909f56bfc062723c751e8b465ee728b)
Start importing Assets/Personajes/Ninja/Sprites/Slide__003.png using Guid(f40b4452aab8cc44b8d224360d88d511) Importer(815301076,1909f56bfc062723c751e8b465ee728b) (PreviewImporter) -> (artifact id: 'efad7f845f14b36812f76ab0e397464d') in 0.4036885 seconds
Number of updated asset objects reloaded before import = 0Number of asset objects unloaded after import = 3

========================================================================
Received Import Request.
  Time since last request: 0.000019 seconds.
  path: Assets/Personajes/Ninja/Sprites/Slide__008.png
  artifactKey: Guid(69c9d4ec0e860fe4cb8d5e62a2d08508) Importer(815301076,1909f56bfc062723c751e8b465ee728b)
Start importing Assets/Personajes/Ninja/Sprites/Slide__008.png using Guid(69c9d4ec0e860fe4cb8d5e62a2d08508) Importer(815301076,1909f56bfc062723c751e8b465ee728b) (PreviewImporter) -> (artifact id: 'ed6db3162110aba6f324a0ae3c8ff804') in 0.0472146 seconds
Number of updated asset objects reloaded before import = 0Number of asset objects unloaded after import = 3

========================================================================
Received Import Request.
  Time since last request: 0.000048 seconds.
  path: Assets/Personajes/Ninja/Sprites/Run__009.png
  artifactKey: Guid(8e72f4f1721c71641bdb198bf88b6be8) Importer(815301076,1909f56bfc062723c751e8b465ee728b)
Start importing Assets/Personajes/Ninja/Sprites/Run__009.png using Guid(8e72f4f1721c71641bdb198bf88b6be8) Importer(815301076,1909f56bfc062723c751e8b465ee728b) (PreviewImporter) -> (artifact id: 'b2882de870981ce40e1c0f13e9e71684') in 0.0419707 seconds
Number of updated asset objects reloaded before import = 0Number of asset objects unloaded after import = 3

========================================================================
Received Prepare
Begin MonoManager ReloadAssembly
- Loaded All Assemblies, in  0.811 seconds
Refreshing native plugins compatible for Editor in 1.26 ms, found 4 plugins.
Native extension for WindowsStandalone target not found
Mono: successfully reloaded assembly
- Finished resetting the current domain, in  1.046 seconds
Domain Reload Profiling: 1858ms
	BeginReloadAssembly (216ms)
		ExecutionOrderSort (0ms)
		DisableScriptedObjects (12ms)
		BackupInstance (0ms)
		ReleaseScriptingObjects (0ms)
		CreateAndSetChildDomain (60ms)
	RebuildCommonClasses (42ms)
	RebuildNativeTypeToScriptingClass (15ms)
	initialDomainReloadingComplete (28ms)
	LoadAllAssembliesAndSetupDomain (510ms)
		LoadAssemblies (384ms)
		RebuildTransferFunctionScriptingTraits (0ms)
		AnalyzeDomain (225ms)
			TypeCache.Refresh (11ms)
				TypeCache.ScanAssembly (0ms)
			BuildScriptInfoCaches (197ms)
			ResolveRequiredComponents (13ms)
	FinalizeReload (1047ms)
		ReleaseScriptCaches (0ms)
		RebuildScriptCaches (0ms)
		SetupLoadedEditorAssemblies (802ms)
			LogAssemblyErrors (0ms)
			InitializePlatformSupportModulesInManaged (2ms)
			SetLoadedEditorAssemblies (5ms)
			BeforeProcessingInitializeOnLoad (144ms)
			ProcessInitializeOnLoadAttributes (544ms)
			ProcessInitializeOnLoadMethodAttributes (96ms)
			AfterProcessingInitializeOnLoad (12ms)
			EditorAssembliesLoaded (1ms)
		ExecutionOrderSort2 (0ms)
		AwakeInstancesAfterBackupRestoration (20ms)
Refreshing native plugins compatible for Editor in 1.94 ms, found 4 plugins.
Preloading 0 native plugins for Editor in 0.00 ms.
Unloading 40 Unused Serialized files (Serialized files now loaded: 0)
Unloading 6573 unused Assets / (7.0 MB). Loaded Objects now: 7261.
Memory consumption went from 154.3 MB to 147.2 MB.
Total: 12.642600 ms (FindLiveObjects: 0.893500 ms CreateObjectMapping: 0.846100 ms MarkObjects: 6.049000 ms  DeleteObjects: 4.851400 ms)

Prepare: number of updated asset objects reloaded= 0
========================================================================
Received Prepare
Begin MonoManager ReloadAssembly
- Loaded All Assemblies, in  0.713 seconds
Refreshing native plugins compatible for Editor in 2.29 ms, found 4 plugins.
Native extension for WindowsStandalone target not found
Mono: successfully reloaded assembly
- Finished resetting the current domain, in  1.215 seconds
Domain Reload Profiling: 1925ms
	BeginReloadAssembly (191ms)
		ExecutionOrderSort (0ms)
		DisableScriptedObjects (11ms)
		BackupInstance (0ms)
		ReleaseScriptingObjects (0ms)
		CreateAndSetChildDomain (48ms)
	RebuildCommonClasses (32ms)
	RebuildNativeTypeToScriptingClass (10ms)
	initialDomainReloadingComplete (24ms)
	LoadAllAssembliesAndSetupDomain (452ms)
		LoadAssemblies (368ms)
		RebuildTransferFunctionScriptingTraits (0ms)
		AnalyzeDomain (178ms)
			TypeCache.Refresh (10ms)
				TypeCache.ScanAssembly (0ms)
			BuildScriptInfoCaches (153ms)
			ResolveRequiredComponents (11ms)
	FinalizeReload (1216ms)
		ReleaseScriptCaches (0ms)
		RebuildScriptCaches (0ms)
		SetupLoadedEditorAssemblies (897ms)
			LogAssemblyErrors (0ms)
			InitializePlatformSupportModulesInManaged (5ms)
			SetLoadedEditorAssemblies (8ms)
			BeforeProcessingInitializeOnLoad (189ms)
			ProcessInitializeOnLoadAttributes (581ms)
			ProcessInitializeOnLoadMethodAttributes (107ms)
			AfterProcessingInitializeOnLoad (6ms)
			EditorAssembliesLoaded (0ms)
		ExecutionOrderSort2 (0ms)
		AwakeInstancesAfterBackupRestoration (21ms)
Refreshing native plugins compatible for Editor in 2.65 ms, found 4 plugins.
Preloading 0 native plugins for Editor in 0.00 ms.
Unloading 40 Unused Serialized files (Serialized files now loaded: 0)
Unloading 6573 unused Assets / (7.1 MB). Loaded Objects now: 7263.
Memory consumption went from 154.3 MB to 147.2 MB.
Total: 13.921600 ms (FindLiveObjects: 0.713500 ms CreateObjectMapping: 1.098300 ms MarkObjects: 6.871400 ms  DeleteObjects: 5.236400 ms)

Prepare: number of updated asset objects reloaded= 0
Editor requested this worker to shutdown with reason: Scaling down because of idle timeout
AssetImportWorker is now disconnected from the server
Process exiting
Exiting without the bug reporter. Application will terminate with return code 0