Using pre-set license
Built from '6000.0/release' branch; Version is '6000.0.44f1 (101c91f3a8fb) revision 1055889'; Using compiler version '193933523'; Build Type 'Release'
OS: 'Windows 11  (10.0.22631) 64bit Core' Language: 'es' Physical Memory: 16069 MB
BatchMode: 1, IsHumanControllingUs: 0, StartBugReporterOnCrash: 0, Is64bit: 1, IsPro: 1

COMMAND LINE ARGUMENTS:
C:\Program Files\Unity\Hub\Editor\6000.0.44f1\Editor\Unity.exe
-adb2
-batchMode
-noUpm
-name
AssetImportWorker5
-projectPath
C:/Users/USER/Desktop/Nueva carpeta/MyProyect
-logFile
Logs/AssetImportWorker5.log
-srvPort
49907
-job-worker-count
7
-background-job-worker-count
8
-gc-helper-count
1
Successfully changed project path to: C:/Users/USER/Desktop/Nueva carpeta/MyProyect
C:/Users/USER/Desktop/Nueva carpeta/MyProyect
[UnityMemory] Configuration Parameters - Can be set up in boot.config
    "memorysetup-bucket-allocator-granularity=16"
    "memorysetup-bucket-allocator-bucket-count=8"
    "memorysetup-bucket-allocator-block-size=33554432"
    "memorysetup-bucket-allocator-block-count=8"
    "memorysetup-main-allocator-block-size=16777216"
    "memorysetup-thread-allocator-block-size=16777216"
    "memorysetup-gfx-main-allocator-block-size=16777216"
    "memorysetup-gfx-thread-allocator-block-size=16777216"
    "memorysetup-cache-allocator-block-size=4194304"
    "memorysetup-typetree-allocator-block-size=2097152"
    "memorysetup-profiler-bucket-allocator-granularity=16"
    "memorysetup-profiler-bucket-allocator-bucket-count=8"
    "memorysetup-profiler-bucket-allocator-block-size=33554432"
    "memorysetup-profiler-bucket-allocator-block-count=8"
    "memorysetup-profiler-allocator-block-size=16777216"
    "memorysetup-profiler-editor-allocator-block-size=1048576"
    "memorysetup-temp-allocator-size-main=16777216"
    "memorysetup-job-temp-allocator-block-size=2097152"
    "memorysetup-job-temp-allocator-block-size-background=1048576"
    "memorysetup-job-temp-allocator-reduction-small-platforms=262144"
    "memorysetup-allocator-temp-initial-block-size-main=262144"
    "memorysetup-allocator-temp-initial-block-size-worker=262144"
    "memorysetup-temp-allocator-size-background-worker=32768"
    "memorysetup-temp-allocator-size-job-worker=262144"
    "memorysetup-temp-allocator-size-preload-manager=33554432"
    "memorysetup-temp-allocator-size-nav-mesh-worker=65536"
    "memorysetup-temp-allocator-size-audio-worker=65536"
    "memorysetup-temp-allocator-size-cloud-worker=32768"
    "memorysetup-temp-allocator-size-gi-baking-worker=262144"
    "memorysetup-temp-allocator-size-gi-baking-worker=262144"
    "memorysetup-temp-allocator-size-gi-baking-worker=262144"
    "memorysetup-temp-allocator-size-gi-baking-worker=262144"
    "memorysetup-temp-allocator-size-gi-baking-worker=262144"
    "memorysetup-temp-allocator-size-gfx=262144"
Player connection [18428]  Target information:

Player connection [18428]  * "[IP] 192.168.56.1 [Port] 0 [Flags] 2 [Guid] 964677422 [EditorId] 964677422 [Version] 1048832 [Id] WindowsEditor(7,AlexanderHerrera) [Debug] 1 [PackageName] WindowsEditor [ProjectName] Editor" 

Player connection [18428]  * "[IP] 192.168.96.128 [Port] 0 [Flags] 2 [Guid] 964677422 [EditorId] 964677422 [Version] 1048832 [Id] WindowsEditor(7,AlexanderHerrera) [Debug] 1 [PackageName] WindowsEditor [ProjectName] Editor" 

Player connection [18428] Host joined multi-casting on [225.0.0.222:54997]...
Player connection [18428] Host joined alternative multi-casting on [225.0.0.222:34997]...
JobSystem: Creating JobQueue using job-worker-count value 7
Input System module state changed to: Initialized.
[Physics::Module] Initialized fallback backend.
[Physics::Module] Id: 0xdecafbad
Library Redirect Path: Library/
[Physics::Module] Selected backend.
[Physics::Module] Name: PhysX
[Physics::Module] Id: 0xf2b8ea05
[Physics::Module] SDK Version: 4.1.2
[Physics::Module] Integration Version: 1.0.0
[Physics::Module] Threading Mode: Multi-Threaded
Refreshing native plugins compatible for Editor in 5.44 ms, found 4 plugins.
Preloading 0 native plugins for Editor in 0.00 ms.
Initialize engine version: 6000.0.44f1 (101c91f3a8fb)
[Subsystems] Discovering subsystems at path C:/Program Files/Unity/Hub/Editor/6000.0.44f1/Editor/Data/Resources/UnitySubsystems
[Subsystems] Discovering subsystems at path C:/Users/USER/Desktop/Nueva carpeta/MyProyect/Assets
GfxDevice: creating device client; kGfxThreadingModeNonThreaded
Direct3D:
    Version:  Direct3D 11.0 [level 11.1]
    Renderer: Intel(R) Iris(R) Xe Graphics (ID=0x46a6)
    Vendor:   Intel
    VRAM:     8034 MB
    Driver:   31.0.101.4255
Initialize mono
Mono path[0] = 'C:/Program Files/Unity/Hub/Editor/6000.0.44f1/Editor/Data/Managed'
Mono path[1] = 'C:/Program Files/Unity/Hub/Editor/6000.0.44f1/Editor/Data/MonoBleedingEdge/lib/mono/unityjit-win32'
Mono config path = 'C:/Program Files/Unity/Hub/Editor/6000.0.44f1/Editor/Data/MonoBleedingEdge/etc'
Using monoOptions --debugger-agent=transport=dt_socket,embedding=1,server=y,suspend=n,address=127.0.0.1:56708
Begin MonoManager ReloadAssembly
Registering precompiled unity dll's ...
Register platform support module: C:/Program Files/Unity/Hub/Editor/6000.0.44f1/Editor/Data/PlaybackEngines/WindowsStandaloneSupport/UnityEditor.WindowsStandalone.Extensions.dll
Registered in 0.006137 seconds.
- Loaded All Assemblies, in  0.959 seconds
Native extension for WindowsStandalone target not found
Mono: successfully reloaded assembly
- Finished resetting the current domain, in  0.795 seconds
Domain Reload Profiling: 1750ms
	BeginReloadAssembly (376ms)
		ExecutionOrderSort (0ms)
		DisableScriptedObjects (0ms)
		BackupInstance (0ms)
		ReleaseScriptingObjects (0ms)
		CreateAndSetChildDomain (2ms)
	RebuildCommonClasses (65ms)
	RebuildNativeTypeToScriptingClass (15ms)
	initialDomainReloadingComplete (106ms)
	LoadAllAssembliesAndSetupDomain (392ms)
		LoadAssemblies (365ms)
		RebuildTransferFunctionScriptingTraits (0ms)
		AnalyzeDomain (381ms)
			TypeCache.Refresh (378ms)
				TypeCache.ScanAssembly (343ms)
			BuildScriptInfoCaches (0ms)
			ResolveRequiredComponents (1ms)
	FinalizeReload (796ms)
		ReleaseScriptCaches (0ms)
		RebuildScriptCaches (0ms)
		SetupLoadedEditorAssemblies (701ms)
			LogAssemblyErrors (0ms)
			InitializePlatformSupportModulesInManaged (46ms)
			SetLoadedEditorAssemblies (13ms)
			BeforeProcessingInitializeOnLoad (142ms)
			ProcessInitializeOnLoadAttributes (368ms)
			ProcessInitializeOnLoadMethodAttributes (131ms)
			AfterProcessingInitializeOnLoad (0ms)
			EditorAssembliesLoaded (0ms)
		ExecutionOrderSort2 (0ms)
		AwakeInstancesAfterBackupRestoration (0ms)
========================================================================
Worker process is ready to serve import requests
Import Worker Mode flag is 0x00
Begin MonoManager ReloadAssembly
- Loaded All Assemblies, in  2.050 seconds
Refreshing native plugins compatible for Editor in 6.08 ms, found 4 plugins.
Native extension for WindowsStandalone target not found
Mono: successfully reloaded assembly
- Finished resetting the current domain, in  2.176 seconds
Domain Reload Profiling: 4211ms
	BeginReloadAssembly (420ms)
		ExecutionOrderSort (0ms)
		DisableScriptedObjects (12ms)
		BackupInstance (0ms)
		ReleaseScriptingObjects (0ms)
		CreateAndSetChildDomain (95ms)
	RebuildCommonClasses (72ms)
	RebuildNativeTypeToScriptingClass (18ms)
	initialDomainReloadingComplete (90ms)
	LoadAllAssembliesAndSetupDomain (1433ms)
		LoadAssemblies (1013ms)
		RebuildTransferFunctionScriptingTraits (0ms)
		AnalyzeDomain (651ms)
			TypeCache.Refresh (507ms)
				TypeCache.ScanAssembly (452ms)
			BuildScriptInfoCaches (113ms)
			ResolveRequiredComponents (24ms)
	FinalizeReload (2179ms)
		ReleaseScriptCaches (0ms)
		RebuildScriptCaches (0ms)
		SetupLoadedEditorAssemblies (1793ms)
			LogAssemblyErrors (0ms)
			InitializePlatformSupportModulesInManaged (7ms)
			SetLoadedEditorAssemblies (5ms)
			BeforeProcessingInitializeOnLoad (298ms)
			ProcessInitializeOnLoadAttributes (1096ms)
			ProcessInitializeOnLoadMethodAttributes (375ms)
			AfterProcessingInitializeOnLoad (11ms)
			EditorAssembliesLoaded (1ms)
		ExecutionOrderSort2 (0ms)
		AwakeInstancesAfterBackupRestoration (21ms)
Launched and connected shader compiler UnityShaderCompiler.exe after 0.03 seconds
Refreshing native plugins compatible for Editor in 3.56 ms, found 4 plugins.
Preloading 0 native plugins for Editor in 0.00 ms.
Unloading 206 Unused Serialized files (Serialized files now loaded: 0)
Unloading 6574 unused Assets / (8.2 MB). Loaded Objects now: 7218.
Memory consumption went from 176.4 MB to 168.2 MB.
Total: 40.609000 ms (FindLiveObjects: 3.159600 ms CreateObjectMapping: 1.498600 ms MarkObjects: 14.901000 ms  DeleteObjects: 21.043700 ms)

========================================================================
Received Import Request.
  Time since last request: 1155.218907 seconds.
  path: Assets/Ninja/png/png/Jump_Throw__005.png
  artifactKey: Guid(b91c0b45232933a4c840e4673f50134e) Importer(2089858483,192608db42251d675da83286b1cce702)
Start importing Assets/Ninja/png/png/Jump_Throw__005.png using Guid(b91c0b45232933a4c840e4673f50134e) Importer(2089858483,192608db42251d675da83286b1cce702) (ScriptedImporter) -> (artifact id: 'f3cec25f72bb8b366940e076ae237934') in 0.6744265 seconds
Number of updated asset objects reloaded before import = 0Number of asset objects unloaded after import = 3

========================================================================
Received Import Request.
  Time since last request: 0.000088 seconds.
  path: Assets/Ninja/png/png/Glide_008.png
  artifactKey: Guid(23bc95ad7c7863c49b5422feb5b5dbab) Importer(2089858483,192608db42251d675da83286b1cce702)
Start importing Assets/Ninja/png/png/Glide_008.png using Guid(23bc95ad7c7863c49b5422feb5b5dbab) Importer(2089858483,192608db42251d675da83286b1cce702) (ScriptedImporter) -> (artifact id: '59201f411b1cf51e06d81c31cd3ed31e') in 0.0671251 seconds
Number of updated asset objects reloaded before import = 0Number of asset objects unloaded after import = 3

========================================================================
Received Import Request.
  Time since last request: 0.000135 seconds.
  path: Assets/Ninja/png/png/Attack__003.png
  artifactKey: Guid(fde85b8ef5e5f79409e9beb40e38b341) Importer(2089858483,192608db42251d675da83286b1cce702)
Start importing Assets/Ninja/png/png/Attack__003.png using Guid(fde85b8ef5e5f79409e9beb40e38b341) Importer(2089858483,192608db42251d675da83286b1cce702) (ScriptedImporter) -> (artifact id: 'e2499075395593796eeee589f506c430') in 0.0707267 seconds
Number of updated asset objects reloaded before import = 0Number of asset objects unloaded after import = 4

========================================================================
Received Import Request.
  Time since last request: 0.000111 seconds.
  path: Assets/Ninja/png/png/Attack__000.png
  artifactKey: Guid(bef2d661c290c3a4c8960f298fd3cb4f) Importer(2089858483,192608db42251d675da83286b1cce702)
Start importing Assets/Ninja/png/png/Attack__000.png using Guid(bef2d661c290c3a4c8960f298fd3cb4f) Importer(2089858483,192608db42251d675da83286b1cce702) (ScriptedImporter) -> (artifact id: '5905f80d6f10be4c64253e775722d77f') in 0.0691451 seconds
Number of updated asset objects reloaded before import = 0Number of asset objects unloaded after import = 3

========================================================================
Received Import Request.
  Time since last request: 0.000127 seconds.
  path: Assets/Ninja/png/Throw__004.png
  artifactKey: Guid(5ffdd584f6139ae40966e5fc184835b1) Importer(2089858483,192608db42251d675da83286b1cce702)
Start importing Assets/Ninja/png/Throw__004.png using Guid(5ffdd584f6139ae40966e5fc184835b1) Importer(2089858483,192608db42251d675da83286b1cce702) (ScriptedImporter) -> (artifact id: 'f433084b798b472023b31b14067b1141') in 0.0635968 seconds
Number of updated asset objects reloaded before import = 0Number of asset objects unloaded after import = 3

========================================================================
Received Import Request.
  Time since last request: 0.000060 seconds.
  path: Assets/Ninja/png/png/Slide__009.png
  artifactKey: Guid(346af32c4dc84ce449521a359538ceb5) Importer(2089858483,192608db42251d675da83286b1cce702)
Start importing Assets/Ninja/png/png/Slide__009.png using Guid(346af32c4dc84ce449521a359538ceb5) Importer(2089858483,192608db42251d675da83286b1cce702) (ScriptedImporter) -> (artifact id: '06edcbf46af45e7027830df80c709667') in 0.0578912 seconds
Number of updated asset objects reloaded before import = 0Number of asset objects unloaded after import = 3

========================================================================
Received Import Request.
  Time since last request: 0.000117 seconds.
  path: Assets/Ninja/png/png/Dead__006.png
  artifactKey: Guid(361e30f05d1dad54ab154bf3e5c2b04e) Importer(2089858483,192608db42251d675da83286b1cce702)
Start importing Assets/Ninja/png/png/Dead__006.png using Guid(361e30f05d1dad54ab154bf3e5c2b04e) Importer(2089858483,192608db42251d675da83286b1cce702) (ScriptedImporter) -> (artifact id: '4105da1c44e274a023e0a528dbf688cb') in 0.0588516 seconds
Number of updated asset objects reloaded before import = 0Number of asset objects unloaded after import = 3

========================================================================
Received Import Request.
  Time since last request: 0.000106 seconds.
  path: Assets/Ninja/png/png/Idle__004.png
  artifactKey: Guid(d4ab2ba20e28aa74686d6acd266009e3) Importer(2089858483,192608db42251d675da83286b1cce702)
Start importing Assets/Ninja/png/png/Idle__004.png using Guid(d4ab2ba20e28aa74686d6acd266009e3) Importer(2089858483,192608db42251d675da83286b1cce702) (ScriptedImporter) -> (artifact id: 'a0b53802214eefb5ff852f1fab3052ad') in 0.0750854 seconds
Number of updated asset objects reloaded before import = 0Number of asset objects unloaded after import = 3

========================================================================
Received Import Request.
  Time since last request: 0.000076 seconds.
  path: Assets/Ninja/png/png/Jump_Attack__001.png
  artifactKey: Guid(1bf3146ed72682848957066368c08f62) Importer(2089858483,192608db42251d675da83286b1cce702)
Start importing Assets/Ninja/png/png/Jump_Attack__001.png using Guid(1bf3146ed72682848957066368c08f62) Importer(2089858483,192608db42251d675da83286b1cce702) (ScriptedImporter) -> (artifact id: '110aeefa83f298092e90b5a698065160') in 0.0585198 seconds
Number of updated asset objects reloaded before import = 0Number of asset objects unloaded after import = 3

========================================================================
Received Import Request.
  Time since last request: 0.000059 seconds.
  path: Assets/Ninja/png/png/Jump_Throw__001.png
  artifactKey: Guid(f7cbf04093aa74742b9622c92eb1e928) Importer(2089858483,192608db42251d675da83286b1cce702)
Start importing Assets/Ninja/png/png/Jump_Throw__001.png using Guid(f7cbf04093aa74742b9622c92eb1e928) Importer(2089858483,192608db42251d675da83286b1cce702) (ScriptedImporter) -> (artifact id: '11f24ac7f3a22728326d33b6e938cdad') in 0.0559252 seconds
Number of updated asset objects reloaded before import = 0Number of asset objects unloaded after import = 3

========================================================================
Received Import Request.
  Time since last request: 0.000110 seconds.
  path: Assets/Ninja/png/png/Slide__005.png
  artifactKey: Guid(e1836b5c5957b0e408b99cfb3400f031) Importer(2089858483,192608db42251d675da83286b1cce702)
Start importing Assets/Ninja/png/png/Slide__005.png using Guid(e1836b5c5957b0e408b99cfb3400f031) Importer(2089858483,192608db42251d675da83286b1cce702) (ScriptedImporter) -> (artifact id: 'ef282991d7b1b20c53bf27aa1b81d2aa') in 0.0622105 seconds
Number of updated asset objects reloaded before import = 0Number of asset objects unloaded after import = 3

========================================================================
Received Import Request.
  Time since last request: 0.000106 seconds.
  path: Assets/Ninja/png/png/Idle__007.png
  artifactKey: Guid(6d57a4e0e5dd08d4daf79ed3b48d4699) Importer(2089858483,192608db42251d675da83286b1cce702)
Start importing Assets/Ninja/png/png/Idle__007.png using Guid(6d57a4e0e5dd08d4daf79ed3b48d4699) Importer(2089858483,192608db42251d675da83286b1cce702) (ScriptedImporter) -> (artifact id: '23c5b04711526be20e37f1b24e158e77') in 0.0675685 seconds
Number of updated asset objects reloaded before import = 0Number of asset objects unloaded after import = 3

========================================================================
Received Import Request.
  Time since last request: 0.000091 seconds.
  path: Assets/Ninja/png/png/Jump__005.png
  artifactKey: Guid(378b712dd391fd74d8b4d579522a730f) Importer(2089858483,192608db42251d675da83286b1cce702)
Start importing Assets/Ninja/png/png/Jump__005.png using Guid(378b712dd391fd74d8b4d579522a730f) Importer(2089858483,192608db42251d675da83286b1cce702) (ScriptedImporter) -> (artifact id: '151a296206c62283d6ea67bad9262784') in 0.0727019 seconds
Number of updated asset objects reloaded before import = 0Number of asset objects unloaded after import = 3

========================================================================
Received Import Request.
  Time since last request: 0.000140 seconds.
  path: Assets/Ninja/png/png/Glide_001.png
  artifactKey: Guid(cc8fa3add011a0b478263387c31080ab) Importer(2089858483,192608db42251d675da83286b1cce702)
Start importing Assets/Ninja/png/png/Glide_001.png using Guid(cc8fa3add011a0b478263387c31080ab) Importer(2089858483,192608db42251d675da83286b1cce702) (ScriptedImporter) -> (artifact id: '0b785a90f0cff7cbeed913c207020b62') in 0.0627615 seconds
Number of updated asset objects reloaded before import = 0Number of asset objects unloaded after import = 3

========================================================================
Received Import Request.
  Time since last request: 0.000131 seconds.
  path: Assets/Ninja/png/png/Run__008.png
  artifactKey: Guid(19a086b23b4316e44bc871d1ebc9c1e2) Importer(2089858483,192608db42251d675da83286b1cce702)
Start importing Assets/Ninja/png/png/Run__008.png using Guid(19a086b23b4316e44bc871d1ebc9c1e2) Importer(2089858483,192608db42251d675da83286b1cce702) (ScriptedImporter) -> (artifact id: 'ee3f7f9bfeb2db6f2048ce4957702519') in 0.0672113 seconds
Number of updated asset objects reloaded before import = 0Number of asset objects unloaded after import = 3

========================================================================
Received Import Request.
  Time since last request: 0.000054 seconds.
  path: Assets/Ninja/png/Slide__003.png
  artifactKey: Guid(b3d11060ce8f43144ad9246342e02fae) Importer(2089858483,192608db42251d675da83286b1cce702)
Start importing Assets/Ninja/png/Slide__003.png using Guid(b3d11060ce8f43144ad9246342e02fae) Importer(2089858483,192608db42251d675da83286b1cce702) (ScriptedImporter) -> (artifact id: 'b0cf719033ee28bd8f4b3c8d5b61aa7a') in 0.0676844 seconds
Number of updated asset objects reloaded before import = 0Number of asset objects unloaded after import = 3

========================================================================
Received Import Request.
  Time since last request: 0.000102 seconds.
  path: Assets/Ninja/png/png/Attack__002.png
  artifactKey: Guid(5d072c1bc6164be4bb5b2938a22c5dee) Importer(2089858483,192608db42251d675da83286b1cce702)
Start importing Assets/Ninja/png/png/Attack__002.png using Guid(5d072c1bc6164be4bb5b2938a22c5dee) Importer(2089858483,192608db42251d675da83286b1cce702) (ScriptedImporter) -> (artifact id: '5c07dc28c274d153aa2a658f94aba6c9') in 0.0730027 seconds
Number of updated asset objects reloaded before import = 0Number of asset objects unloaded after import = 3

========================================================================
Received Import Request.
  Time since last request: 0.000169 seconds.
  path: Assets/Ninja/png/png/Slide__003.png
  artifactKey: Guid(cb0f8e78a37bdea4fa81ceec2a58fb18) Importer(2089858483,192608db42251d675da83286b1cce702)
Start importing Assets/Ninja/png/png/Slide__003.png using Guid(cb0f8e78a37bdea4fa81ceec2a58fb18) Importer(2089858483,192608db42251d675da83286b1cce702) (ScriptedImporter) -> (artifact id: '99e430b5c53057e0fea047244de6ae67') in 0.0698619 seconds
Number of updated asset objects reloaded before import = 0Number of asset objects unloaded after import = 3

========================================================================
Received Import Request.
  Time since last request: 0.000023 seconds.
  path: Assets/Ninja/png/Slide__005.png
  artifactKey: Guid(c4a2bc58074f0f24abfb13cea18eef94) Importer(2089858483,192608db42251d675da83286b1cce702)
Start importing Assets/Ninja/png/Slide__005.png using Guid(c4a2bc58074f0f24abfb13cea18eef94) Importer(2089858483,192608db42251d675da83286b1cce702) (ScriptedImporter) -> (artifact id: '9d4439d6b8d7fb4b2b5bbd95abc02202') in 0.0608594 seconds
Number of updated asset objects reloaded before import = 0Number of asset objects unloaded after import = 3

========================================================================
Received Import Request.
  Time since last request: 0.000054 seconds.
  path: Assets/Ninja/png/png/Run__001.png
  artifactKey: Guid(f8e55eb10aedad54d9177107fc55afa4) Importer(2089858483,192608db42251d675da83286b1cce702)
Start importing Assets/Ninja/png/png/Run__001.png using Guid(f8e55eb10aedad54d9177107fc55afa4) Importer(2089858483,192608db42251d675da83286b1cce702) (ScriptedImporter) -> (artifact id: '06aa8779d5871e459fba5f2d9f09b7cd') in 0.0671325 seconds
Number of updated asset objects reloaded before import = 0Number of asset objects unloaded after import = 3

========================================================================
Received Import Request.
  Time since last request: 0.000077 seconds.
  path: Assets/Ninja/png/png/Throw__003.png
  artifactKey: Guid(e4b3f26eecfe71e4b8d6dffb13971193) Importer(2089858483,192608db42251d675da83286b1cce702)
Start importing Assets/Ninja/png/png/Throw__003.png using Guid(e4b3f26eecfe71e4b8d6dffb13971193) Importer(2089858483,192608db42251d675da83286b1cce702) (ScriptedImporter) -> (artifact id: '30a3b340a7267e0b22216f03919cfc42') in 0.0620598 seconds
Number of updated asset objects reloaded before import = 0Number of asset objects unloaded after import = 3

========================================================================
Received Import Request.
  Time since last request: 0.000051 seconds.
  path: Assets/Ninja/png/png/Climb_005.png
  artifactKey: Guid(bb94dd6b7a0b8a9459d6ba821ee21a4e) Importer(2089858483,192608db42251d675da83286b1cce702)
Start importing Assets/Ninja/png/png/Climb_005.png using Guid(bb94dd6b7a0b8a9459d6ba821ee21a4e) Importer(2089858483,192608db42251d675da83286b1cce702) (ScriptedImporter) -> (artifact id: '1af562c94570a6925335246833790a38') in 0.0790916 seconds
Number of updated asset objects reloaded before import = 0Number of asset objects unloaded after import = 3

========================================================================
Received Prepare
Begin MonoManager ReloadAssembly
- Loaded All Assemblies, in  0.744 seconds
Refreshing native plugins compatible for Editor in 1.02 ms, found 4 plugins.
Native extension for WindowsStandalone target not found
Mono: successfully reloaded assembly
- Finished resetting the current domain, in  0.989 seconds
Domain Reload Profiling: 1732ms
	BeginReloadAssembly (223ms)
		ExecutionOrderSort (0ms)
		DisableScriptedObjects (12ms)
		BackupInstance (0ms)
		ReleaseScriptingObjects (0ms)
		CreateAndSetChildDomain (76ms)
	RebuildCommonClasses (30ms)
	RebuildNativeTypeToScriptingClass (11ms)
	initialDomainReloadingComplete (25ms)
	LoadAllAssembliesAndSetupDomain (454ms)
		LoadAssemblies (337ms)
		RebuildTransferFunctionScriptingTraits (0ms)
		AnalyzeDomain (210ms)
			TypeCache.Refresh (7ms)
				TypeCache.ScanAssembly (0ms)
			BuildScriptInfoCaches (187ms)
			ResolveRequiredComponents (12ms)
	FinalizeReload (990ms)
		ReleaseScriptCaches (0ms)
		RebuildScriptCaches (0ms)
		SetupLoadedEditorAssemblies (788ms)
			LogAssemblyErrors (0ms)
			InitializePlatformSupportModulesInManaged (2ms)
			SetLoadedEditorAssemblies (4ms)
			BeforeProcessingInitializeOnLoad (146ms)
			ProcessInitializeOnLoadAttributes (520ms)
			ProcessInitializeOnLoadMethodAttributes (107ms)
			AfterProcessingInitializeOnLoad (7ms)
			EditorAssembliesLoaded (0ms)
		ExecutionOrderSort2 (0ms)
		AwakeInstancesAfterBackupRestoration (21ms)
Refreshing native plugins compatible for Editor in 2.02 ms, found 4 plugins.
Preloading 0 native plugins for Editor in 0.00 ms.
Unloading 40 Unused Serialized files (Serialized files now loaded: 0)
Unloading 6572 unused Assets / (7.4 MB). Loaded Objects now: 7223.
Memory consumption went from 153.6 MB to 146.2 MB.
Total: 12.678700 ms (FindLiveObjects: 0.725800 ms CreateObjectMapping: 0.595800 ms MarkObjects: 6.215600 ms  DeleteObjects: 5.140400 ms)

Prepare: number of updated asset objects reloaded= 0
Editor requested this worker to shutdown with reason: Scaling down because of idle timeout
AssetImportWorker is now disconnected from the server
Process exiting
Exiting without the bug reporter. Application will terminate with return code 0